e:\code17\subworld\subworld\source\game\ai\htnplanner\x64\debug\vc141.pdb
e:\code17\subworld\subworld\source\game\ai\htnplanner\x64\debug\vc141.idb
e:\code17\subworld\subworld\source\game\ai\htnplanner\x64\debug\worldstateproperties.obj
e:\code17\subworld\subworld\source\game\ai\htnplanner\x64\debug\runner.obj
e:\code17\subworld\subworld\source\game\ai\htnplanner\x64\debug\primitivetask.obj
e:\code17\subworld\subworld\source\game\ai\htnplanner\x64\debug\precondition.obj
e:\code17\subworld\subworld\source\game\ai\htnplanner\x64\debug\planner.obj
e:\code17\subworld\subworld\source\game\ai\htnplanner\x64\debug\operator.obj
e:\code17\subworld\subworld\source\game\ai\htnplanner\x64\debug\method.obj
e:\code17\subworld\subworld\source\game\ai\htnplanner\x64\debug\htntest.obj
e:\code17\subworld\subworld\source\game\ai\htnplanner\x64\debug\htnplanner.obj
e:\code17\subworld\subworld\source\game\ai\htnplanner\x64\debug\fct.obj
e:\code17\subworld\subworld\source\game\ai\htnplanner\x64\debug\effect.obj
e:\code17\subworld\subworld\source\game\ai\htnplanner\x64\debug\domain.obj
e:\code17\subworld\subworld\source\game\ai\htnplanner\x64\debug\compoundtask.obj
e:\code17\subworld\subworld\source\game\ai\htnplanner\x64\debug\evalstack.obj
e:\code17\subworld\subworld\source\game\ai\htnplanner\x64\debug\vcpkg.applocal.log
e:\code17\subworld\subworld\source\game\ai\htnplanner\x64\debug\htn.exe
e:\code17\subworld\subworld\source\game\ai\htnplanner\x64\debug\htn.ilk
e:\code17\subworld\subworld\source\game\ai\htnplanner\x64\debug\htn.pdb
e:\code17\subworld\subworld\source\game\ai\htnplanner\x64\debug\runner.obj.enc
e:\code17\subworld\subworld\source\game\ai\htnplanner\x64\debug\htn.tlog\cl.command.1.tlog
e:\code17\subworld\subworld\source\game\ai\htnplanner\x64\debug\htn.tlog\cl.read.1.tlog
e:\code17\subworld\subworld\source\game\ai\htnplanner\x64\debug\htn.tlog\cl.write.1.tlog
e:\code17\subworld\subworld\source\game\ai\htnplanner\x64\debug\htn.tlog\htn.write.1u.tlog
e:\code17\subworld\subworld\source\game\ai\htnplanner\x64\debug\htn.tlog\link.command.1.tlog
e:\code17\subworld\subworld\source\game\ai\htnplanner\x64\debug\htn.tlog\link.read.1.tlog
e:\code17\subworld\subworld\source\game\ai\htnplanner\x64\debug\htn.tlog\link.write.1.tlog
